<?xml version="1.0" encoding="UTF-8"?>
<!-- Generated by org.testng.reporters.JUnitReportReporter -->
<testsuite hostname="DESKTOP-G59H6AO" name="com.testcases.zomato.HomePageTest" tests="2" failures="0" timestamp="4 Dec 2021 13:00:12 GMT" time="27.483" errors="0">
  <testcase name="kolkata_link_test" time="14.261" classname="com.testcases.zomato.HomePageTest"/>
  <testcase name="delhi_link_test" time="13.222" classname="com.testcases.zomato.HomePageTest"/>
</testsuite> <!-- com.testcases.zomato.HomePageTest -->
