<?xml version="1.0" encoding="UTF-8"?>
<!-- Generated by org.testng.reporters.JUnitReportReporter -->
<testsuite hostname="DESKTOP-G59H6AO" name="com.testcases.zomato.HomePageTest" tests="1" failures="0" timestamp="4 Dec 2021 09:35:49 GMT" time="25.123" errors="0">
  <testcase name="setup" time="25.123" classname="com.testcases.zomato.HomePageTest"/>
</testsuite> <!-- com.testcases.zomato.HomePageTest -->
